{
  "RSpec": {
    "coverage": {
      "/Users/duc/ruby/WDI/wdi/oanda/app/controllers/application_controller.rb": [
        1,
        1,
        null
      ],
      "/Users/duc/ruby/WDI/wdi/oanda/app/helpers/application_helper.rb": [
        1,
        null
      ],
      "/Users/duc/ruby/WDI/wdi/oanda/app/helpers/rates_helper.rb": [
        1,
        null
      ],
      "/Users/duc/ruby/WDI/wdi/oanda/app/controllers/rates_controller.rb": [
        1,
        null,
        null,
        1,
        1,
        1,
        null,
        1,
        2,
        null,
        null,
        null,
        1,
        1,
        1,
        null,
        1,
        1,
        2,
        null,
        null,
        null
      ],
      "/Users/duc/ruby/WDI/wdi/oanda/app/models/rate.rb": [
        1,
        1,
        1,
        null,
        1,
        null,
        null,
        1,
        null,
        null,
        null,
        1,
        null,
        5,
        5,
        null,
        5,
        null,
        5,
        200,
        null,
        null,
        null,
        null,
        null,
        null,
        null,
        null,
        null,
        null,
        null,
        null,
        null,
        null,
        null,
        null,
        null,
        null,
        null,
        null,
        null,
        null,
        null,
        null,
        null
      ]
    },
    "timestamp": 1369072311
  }
}
